â•”â•â•â•â•â•â•â•â•â•â•â•â•â•â•â•â•â•â•â•â•â•â•â•â•â•â•â•â•â•â•â•â•â•â•â•â•â•â•â•â•â•â•â•â•â•â•â•â•â•â•â•â•â•â•â•â•â•â•â•â•â•â•â•â•â•â•â•â•â•â•â•â•â•â•â•â•â•â•â•—
â•‘                Welcome to Francinette, a 42 tester framework!                â•‘
â•šâ•â•â•â•â•â•â•â•â•â•â•â•â•â•â•â•â•â•â•â•â•â•â•â•¦â•â•â•â•â•â•â•â•â•â•â•â•â•â•â•â•â•â•â•â•â•â•â•â•â•â•â•â•â•â•â•¦â•â•â•â•â•â•â•â•â•â•â•â•â•â•â•â•â•â•â•â•â•â•â•â•
                        â•‘         get_next_line        â•‘
                        â•šâ•â•â•â•â•â•â•â•â•â•â•â•â•â•â•â•â•â•â•â•â•â•â•â•â•â•â•â•â•â•â•
â ‹ Preparing frameworkâ ™ Preparing frameworkâ ¹ Preparing frameworkâœ” Preparing framework
â ‹ Executing: norminetteâ ™ Executing: norminetteâœ” Executing: norminette
â„¹ Running tests: gnlTester (https://github.com/Tripouille/gnlTester)
(4, 'Interrupted system call')
â„¹ Running tests: fsoares (my own tests)
[1;35mBUFFER_SIZE[0m: 1
[0;34mInvalid fd          [0m: [0;32m1.OK [0m[0;32m2.OK [0m[0;32m3.OK [0m[0;32m4_LEAKS.OK [0m
[0;34mempty.txt           [0m: [0;32m1.OK [0m[0;32m2.OK [0m[0;32m3_LEAKS.OK [0m
[0;34m1char.txt           [0m: [0;32m1.OK [0m[0;32m2.OK [0m[0;32m3_LEAKS.OK [0m
[0;34mone_line_no_nl.txt  [0m: [0;32m1.OK [0m[0;32m2.OK [0m[0;32m3_LEAKS.OK [0m
[0;34monly_nl.txt         [0m: [0;32m1.OK [0m[0;32m2.OK [0m[0;32m3_LEAKS.OK [0m
[0;34mmultiple_nl.txt     [0m: [0;32m1.OK [0m[0;32m2.OK [0m[0;32m3.OK [0m[0;32m4.OK [0m[0;32m5.OK [0m[0;32m6.OK [0m[0;32m7_LEAKS.OK [0m
[0;34mvariable_nls.txt    [0m: [0;32m1.OK [0m[0;32m2.OK [0m[0;32m3.OK [0m[0;32m4.OK [0m[0;32m5.OK [0m[0;32m6.OK [0m[0;32m7.OK [0m[0;32m8.OK [0m[0;32m9.OK [0m[0;32m10.OK [0m[0;32m11.OK [0m[0;32m12.OK [0m[0;32m13.OK [0m[0;32m14_LEAKS.OK [0m
[0;34mlines_around_10.txt [0m: [0;32m1.OK [0m[0;32m2.OK [0m[0;32m3.OK [0m[0;32m4.OK [0m[0;32m5.OK [0m[0;32m6.OK [0m[0;32m7_LEAKS.OK [0m
[0;34mread_error.txt      [0m: [0;32m1.OK [0m[0;32m2.OK [0m[0;32m3.OK [0m[0;32m4.OK [0m[0;32m5.OK [0m[0;32m6.OK [0m[0;32m7.OK [0m[0;32m8.OK [0m[0;32m9_LEAKS.OK [0m
[0;34mstdin               [0m: [0;32m1.OK [0m[0;32m2.OK [0m[0;32m3.OK [0m[0;32m4.OK [0m[0;32m5.OK [0m[0;32m6.OK [0m[0;32m7_LEAKS.OK [0m

[1;35mBUFFER_SIZE[0m: 10
[0;34mInvalid fd          [0m: [0;32m1.OK [0m[0;32m2.OK [0m[0;32m3.OK [0m[0;32m4_LEAKS.OK [0m
[0;34mempty.txt           [0m: [0;32m1.OK [0m[0;32m2.OK [0m[0;32m3_LEAKS.OK [0m
[0;34m1char.txt           [0m: [0;32m1.OK [0m[0;32m2.OK [0m[0;32m3_LEAKS.OK [0m
[0;34mone_line_no_nl.txt  [0m: [0;32m1.OK [0m[0;32m2.OK [0m[0;32m3_LEAKS.OK [0m
[0;34monly_nl.txt         [0m: [0;32m1.OK [0m[0;32m2.OK [0m[0;32m3_LEAKS.OK [0m
[0;34mmultiple_nl.txt     [0m: [0;32m1.OK [0m[0;32m2.OK [0m[0;32m3.OK [0m[0;32m4.OK [0m[0;32m5.OK [0m[0;32m6.OK [0m[0;32m7_LEAKS.OK [0m
[0;34mvariable_nls.txt    [0m: [0;32m1.OK [0m[0;32m2.OK [0m[0;32m3.OK [0m[0;32m4.OK [0m[0;32m5.OK [0m[0;32m6.OK [0m[0;32m7.OK [0m[0;32m8.OK [0m[0;32m9.OK [0m[0;32m10.OK [0m[0;32m11.OK [0m[0;32m12.OK [0m[0;32m13.OK [0m[0;32m14_LEAKS.OK [0m
[0;34mlines_around_10.txt [0m: [0;32m1.OK [0m[0;32m2.OK [0m[0;32m3.OK [0m[0;32m4.OK [0m[0;32m5.OK [0m[0;32m6.OK [0m[0;32m7_LEAKS.OK [0m
[0;34mgiant_line.txt      [0m: [0;32m1.OK [0m[0;32m2.OK [0m[0;32m3_LEAKS.OK [0m
[0;34mgiant_line_nl.txt   [0m: [0;32m1.OK [0m[0;32m2.OK [0m[0;32m3.OK [0m[0;32m4_LEAKS.OK [0m
[0;34mread_error.txt      [0m: [0;32m1.OK [0m[0;32m2.OK [0m[0;32m3.OK [0m[0;32m4.OK [0m[0;32m5.OK [0m[0;32m6.OK [0m[0;32m7.OK [0m[0;32m8.OK [0m[0;32m9_LEAKS.OK [0m
[0;34mlimits              [0m: [0;32m1.OK [0m[0;32m2.OK [0m[0;32m3_LEAKS.OK [0m[0;32m4.OK [0m[0;32m5.OK [0m[0;32m6_LEAKS.OK [0m[0;32m7.OK [0m[0;32m8.OK [0m[0;32m9_LEAKS.OK [0m[0;32m10.OK [0m[0;32m11.OK [0m[0;32m12_LEAKS.OK [0m[0;32m13.OK [0m[0;32m14.OK [0m[0;32m15_LEAKS.OK [0m[0;32m16.OK [0m[0;32m17.OK [0m[0;32m18_LEAKS.OK [0m[0;32m19.OK [0m[0;32m20.OK [0m[0;32m21_LEAKS.OK [0m[0;32m22.OK [0m[0;32m23.OK [0m[0;32m24_LEAKS.OK [0m[0;32m25.OK [0m[0;32m26.OK [0m[0;32m27_LEAKS.OK [0m[0;32m28.OK [0m[0;32m29.OK [0m[0;32m30_LEAKS.OK [0m[0;32m31.OK [0m[0;32m32.OK [0m[0;32m33_LEAKS.OK [0m[0;32m34.OK [0m[0;32m35.OK [0m[0;32m36_LEAKS.OK [0m[0;32m37.OK [0m[0;32m38.OK [0m[0;32m39.OK [0m[0;32m40_LEAKS.OK [0m[0;32m41.OK [0m[0;32m42.OK [0m[0;32m43.OK [0m[0;32m44_LEAKS.OK [0m[0;32m45.OK [0m[0;32m46.OK [0m[0;32m47.OK [0m[0;32m48_LEAKS.OK [0m[0;32m49.OK [0m[0;32m50.OK [0m[0;32m51.OK [0m[0;32m52_LEAKS.OK [0m[0;32m53.OK [0m[0;32m54.OK [0m[0;32m55.OK [0m[0;32m56_LEAKS.OK [0m[0;32m57.OK [0m[0;32m58.OK [0m[0;32m59.OK [0m[0;32m60_LEAKS.OK [0m
[0;34mstdin               [0m: [0;32m1.OK [0m[0;32m2.OK [0m[0;32m3.OK [0m[0;32m4.OK [0m[0;32m5.OK [0m[0;32m6.OK [0m[0;32m7_LEAKS.OK [0m

[1;35mBUFFER_SIZE[0m: 1000000
[0;34mInvalid fd          [0m: [0;32m1.OK [0m[0;32m2.OK [0m[0;32m3.OK [0m[0;32m4_LEAKS.OK [0m
[0;34mempty.txt           [0m: [0;32m1.OK [0m[0;32m2.OK [0m[0;32m3_LEAKS.OK [0m
[0;34m1char.txt           [0m: [0;32m1.OK [0m[0;32m2.OK [0m[0;32m3_LEAKS.OK [0m
[0;34mone_line_no_nl.txt  [0m: [0;32m1.OK [0m[0;32m2.OK [0m[0;32m3_LEAKS.OK [0m
[0;34monly_nl.txt         [0m: [0;32m1.OK [0m[0;32m2.OK [0m[0;32m3_LEAKS.OK [0m
[0;34mmultiple_nl.txt     [0m: [0;32m1.OK [0m[0;32m2.OK [0m[0;32m3.OK [0m[0;32m4.OK [0m[0;32m5.OK [0m[0;32m6.OK [0m[0;32m7_LEAKS.OK [0m
[0;34mvariable_nls.txt    [0m: [0;32m1.OK [0m[0;32m2.OK [0m[0;32m3.OK [0m[0;32m4.OK [0m[0;32m5.OK [0m[0;32m6.OK [0m[0;32m7.OK [0m[0;32m8.OK [0m[0;32m9.OK [0m[0;32m10.OK [0m[0;32m11.OK [0m[0;32m12.OK [0m[0;32m13.OK [0m[0;32m14_LEAKS.OK [0m
[0;34mlines_around_10.txt [0m: [0;32m1.OK [0m[0;32m2.OK [0m[0;32m3.OK [0m[0;32m4.OK [0m[0;32m5.OK [0m[0;32m6.OK [0m[0;32m7_LEAKS.OK [0m
[0;34mgiant_line.txt      [0m: [0;32m1.OK [0m[0;32m2.OK [0m[0;32m3_LEAKS.OK [0m
[0;34mgiant_line_nl.txt   [0m: [0;32m1.OK [0m[0;32m2.OK [0m[0;32m3.OK [0m[0;32m4_LEAKS.OK [0m
[0;34mread_error.txt      [0m: [0;32m1.OK [0m[0;32m2.OK [0m[0;32m3.OK [0m[0;32m4.OK [0m[0;32m5.OK [0m[0;32m6.OK [0m[0;32m7.OK [0m[0;32m8.OK [0m[0;32m9_LEAKS.OK [0m
[0;34mstdin               [0m: [0;32m1.OK [0m[0;32m2.OK [0m[0;32m3.OK [0m[0;32m4.OK [0m[0;32m5.OK [0m[0;32m6.OK [0m[0;32m7_LEAKS.OK [0m

Want some more thorough tests? run 'francinette --strict'.

Summary: no bonus

Failed tests: gnlTester
